<?xml version="1.0" encoding="UTF-8"?>
<testsuite name="StringTransformerGroupTest" tests="2" skipped="0" failures="0" errors="0" timestamp="2022-11-14T14:47:56" hostname="LAPTOP-E57OMIBJ" time="0.004">
  <properties/>
  <testcase name="transformerGroup()" classname="StringTransformerGroupTest" time="0.002"/>
  <testcase name="transformerComposite()" classname="StringTransformerGroupTest" time="0.001"/>
  <system-out><![CDATA[]]></system-out>
  <system-err><![CDATA[]]></system-err>
</testsuite>
