<?xml version="1.0" encoding="UTF-8"?>
<testsuite name="StringTransformerGroupTest" tests="2" skipped="0" failures="0" errors="0" timestamp="2022-11-12T12:46:13" hostname="LAPTOP-E57OMIBJ" time="0.033">
  <properties/>
  <testcase name="transformerGroup()" classname="StringTransformerGroupTest" time="0.029"/>
  <testcase name="transformerComposite()" classname="StringTransformerGroupTest" time="0.003"/>
  <system-out><![CDATA[]]></system-out>
  <system-err><![CDATA[]]></system-err>
</testsuite>
