<?xml version="1.0" encoding="UTF-8"?>
<testsuite name="HumanClientTest" tests="2" skipped="0" failures="0" errors="0" timestamp="2022-11-14T10:38:21" hostname="LAPTOP-E57OMIBJ" time="1.005">
  <properties/>
  <testcase name="removeObserver()" classname="HumanClientTest" time="0.98"/>
  <testcase name="addObserver()" classname="HumanClientTest" time="0.022"/>
  <system-out><![CDATA[]]></system-out>
  <system-err><![CDATA[]]></system-err>
</testsuite>
