<?xml version="1.0" encoding="UTF-8"?>
<testsuite name="StringRecipeTest" tests="1" skipped="0" failures="0" errors="0" timestamp="2022-11-12T11:54:10" hostname="LAPTOP-E57OMIBJ" time="0.007">
  <properties/>
  <testcase name="stringRecipe()" classname="StringRecipeTest" time="0.007"/>
  <system-out><![CDATA[]]></system-out>
  <system-err><![CDATA[]]></system-err>
</testsuite>
