<?xml version="1.0" encoding="UTF-8"?>
<testsuite name="StringBarTest" tests="5" skipped="0" failures="0" errors="0" timestamp="2022-11-14T14:47:56" hostname="LAPTOP-E57OMIBJ" time="0.018">
  <properties/>
  <testcase name="happyHour()" classname="StringBarTest" time="0.004"/>
  <testcase name="impatientStrategy()" classname="StringBarTest" time="0.006"/>
  <testcase name="smartStrategyStartClosed()" classname="StringBarTest" time="0.003"/>
  <testcase name="smartStrategyStartOpened()" classname="StringBarTest" time="0.001"/>
  <testcase name="orderStringRecipe()" classname="StringBarTest" time="0.0"/>
  <system-out><![CDATA[]]></system-out>
  <system-err><![CDATA[]]></system-err>
</testsuite>
