<?xml version="1.0" encoding="UTF-8"?>
<testsuite name="StringBarTest" tests="8" skipped="0" failures="0" errors="0" timestamp="2022-11-14T21:39:42" hostname="LAPTOP-E57OMIBJ" time="0.089">
  <properties/>
  <testcase name="happyHour()" classname="StringBarTest" time="0.018"/>
  <testcase name="impatientStrategy()" classname="StringBarTest" time="0.029"/>
  <testcase name="smartStrategyStartClosed()" classname="StringBarTest" time="0.005"/>
  <testcase name="smartStrategyStartOpened()" classname="StringBarTest" time="0.002"/>
  <testcase name="orderStringRecipe()" classname="StringBarTest" time="0.002"/>
  <testcase name="ferengiStartClosed()" classname="StringBarTest" time="0.01"/>
  <testcase name="ferengiAlreadyOpened()" classname="StringBarTest" time="0.002"/>
  <testcase name="romulan()" classname="StringBarTest" time="0.008"/>
  <system-out><![CDATA[]]></system-out>
  <system-err><![CDATA[]]></system-err>
</testsuite>
