<?xml version="1.0" encoding="UTF-8"?>
<testsuite name="StringCaseChangerTest" tests="1" skipped="0" failures="0" errors="0" timestamp="2022-11-14T21:39:42" hostname="LAPTOP-E57OMIBJ" time="0.003">
  <properties/>
  <testcase name="stringCaseChanger()" classname="StringCaseChangerTest" time="0.003"/>
  <system-out><![CDATA[]]></system-out>
  <system-err><![CDATA[]]></system-err>
</testsuite>
